RUN	simulations.GetImdbTitleSimulation	getimdbtitlesimulation	1638552763710	Titles request	3.6.1
USER	Get Title test	START	1638552764860
USER	Get Title test	START	1638552764859
USER	Get Title test	START	1638552764859
USER	Get Title test	START	1638552764860
USER	Get Title test	START	1638552764860
USER	Get Title test	START	1638552764860
USER	Get Title test	START	1638552764861
USER	Get Title test	START	1638552764859
USER	Get Title test	START	1638552764860
USER	Get Title test	START	1638552764866
USER	Get Title test	START	1638552764860
USER	Get Title test	START	1638552764860
USER	Get Title test	START	1638552764860
USER	Get Title test	START	1638552764860
USER	Get Title test	START	1638552764866
USER	Get Title test	START	1638552764860
USER	Get Title test	START	1638552764860
USER	Get Title test	START	1638552764859
USER	Get Title test	START	1638552764869
USER	Get Title test	START	1638552764870
REQUEST		Get film title by id	1638552764942	1638552766539	OK	 
REQUEST		Get film title by id	1638552764944	1638552768669	OK	 
REQUEST		Get film title by id	1638552764942	1638552768965	OK	 
REQUEST		Get film title by id	1638552764943	1638552769241	OK	 
REQUEST		Get film title by id	1638552765163	1638552769531	OK	 
REQUEST		Get film title by id	1638552764943	1638552770158	OK	 
REQUEST		Get film title by id	1638552765163	1638552770329	OK	 
REQUEST		Get film title by id	1638552764943	1638552770563	OK	 
REQUEST		Get film title by id	1638552764942	1638552771001	OK	 
REQUEST		Get film title by id	1638552765161	1638552771619	OK	 
REQUEST		Get film title by id	1638552764943	1638552771624	OK	 
REQUEST		Get film title by id	1638552764942	1638552772214	OK	 
REQUEST		Get film title by id	1638552764944	1638552772556	OK	 
REQUEST		Get film title by id	1638552764944	1638552772597	OK	 
REQUEST		Get film title by id	1638552764943	1638552772912	OK	 
REQUEST		Get film title by id	1638552764942	1638552773198	OK	 
REQUEST		Get film title by id	1638552765163	1638552773443	OK	 
REQUEST		Get film title by id	1638552764944	1638552774028	OK	 
REQUEST		Get film title by id	1638552771574	1638552774265	OK	 
USER	Get Title test	END	1638552774268
REQUEST		Get film title by id	1638552775579	1638552779765	OK	 
USER	Get Title test	END	1638552779766
REQUEST		Get film title by id	1638552774546	1638552780639	OK	 
USER	Get Title test	END	1638552780642
REQUEST		Get film title by id	1638552774253	1638552780932	OK	 
USER	Get Title test	END	1638552780933
REQUEST		Get film title by id	1638552778452	1638552781735	OK	 
USER	Get Title test	END	1638552781738
REQUEST		Get film title by id	1638552776637	1638552782064	OK	 
USER	Get Title test	END	1638552782064
REQUEST		Get film title by id	1638552776622	1638552782356	OK	 
USER	Get Title test	END	1638552782357
REQUEST		Get film title by id	1638552778202	1638552782983	OK	 
USER	Get Title test	END	1638552782986
REQUEST		Get film title by id	1638552776007	1638552783988	OK	 
USER	Get Title test	END	1638552783989
REQUEST		Get film title by id	1638552777918	1638552784932	OK	 
USER	Get Title test	END	1638552784933
REQUEST		Get film title by id	1638552777229	1638552786931	OK	 
USER	Get Title test	END	1638552786932
REQUEST		Get film title by id	1638552779033	1638552787206	OK	 
USER	Get Title test	END	1638552787207
REQUEST		Get film title by id	1638552777573	1638552797733	OK	 
REQUEST		Get film title by id	1638552775346	1638552797734	OK	 
USER	Get Title test	END	1638552797734
USER	Get Title test	END	1638552797734
REQUEST		Get film title by id	1638552777604	1638552797762	OK	 
USER	Get Title test	END	1638552797763
REQUEST		Get film title by id	1638552775174	1638552797768	OK	 
USER	Get Title test	END	1638552797768
REQUEST		Get film title by id	1638552773675	1638552798189	OK	 
USER	Get Title test	END	1638552798190
REQUEST		Get film title by id	1638552773971	1638552799165	OK	 
USER	Get Title test	END	1638552799166
REQUEST		Get film title by id	1638552764943	1638552824955	KO	i.g.h.c.i.RequestTimeoutException: Request timeout to imdb-api.com/172.67.140.60:443 after 60000 ms
REQUEST		Get film title by id	1638552764942	1638552824955	KO	i.g.h.c.i.RequestTimeoutException: Request timeout to imdb-api.com/104.21.38.226:443 after 60000 ms
REQUEST		Get film title by id	1638552829982	1638552889995	KO	i.g.h.c.i.RequestTimeoutException: Request timeout to imdb-api.com/172.67.140.60:443 after 60000 ms
REQUEST		Get film title by id	1638552829982	1638552889995	KO	i.g.h.c.i.RequestTimeoutException: Request timeout to imdb-api.com/104.21.38.226:443 after 60000 ms
USER	Get Title test	END	1638552889996
USER	Get Title test	END	1638552889996
