RUN	simulations.GetImdbRatingSimulation	getimdbratingsimulation	1638553338350	Get rating	3.6.1
USER	Get Rating test	START	1638553339405
USER	Get Rating test	START	1638553339405
USER	Get Rating test	START	1638553339406
USER	Get Rating test	START	1638553339406
USER	Get Rating test	START	1638553339405
USER	Get Rating test	START	1638553339406
USER	Get Rating test	START	1638553339406
USER	Get Rating test	START	1638553339406
USER	Get Rating test	START	1638553339406
USER	Get Rating test	START	1638553339406
USER	Get Rating test	START	1638553339405
USER	Get Rating test	START	1638553339405
USER	Get Rating test	START	1638553339406
USER	Get Rating test	START	1638553339406
USER	Get Rating test	START	1638553339406
USER	Get Rating test	START	1638553339413
USER	Get Rating test	START	1638553339413
USER	Get Rating test	START	1638553339414
USER	Get Rating test	START	1638553339406
USER	Get Rating test	START	1638553339414
REQUEST		Get film rating by id	1638553339683	1638553341776	OK	 
USER	Get Rating test	END	1638553341793
REQUEST		Get film rating by id	1638553339488	1638553342804	OK	 
USER	Get Rating test	END	1638553342805
REQUEST		Get film rating by id	1638553339487	1638553342807	OK	 
USER	Get Rating test	END	1638553342808
REQUEST		Get film rating by id	1638553339488	1638553342854	OK	 
USER	Get Rating test	END	1638553342855
REQUEST		Get film rating by id	1638553339486	1638553342959	OK	 
USER	Get Rating test	END	1638553342960
REQUEST		Get film rating by id	1638553339487	1638553343168	OK	 
USER	Get Rating test	END	1638553343170
REQUEST		Get film rating by id	1638553339488	1638553344080	OK	 
USER	Get Rating test	END	1638553344082
REQUEST		Get film rating by id	1638553339487	1638553344519	OK	 
USER	Get Rating test	END	1638553344520
REQUEST		Get film rating by id	1638553339683	1638553344555	OK	 
USER	Get Rating test	END	1638553344556
REQUEST		Get film rating by id	1638553339486	1638553345015	OK	 
USER	Get Rating test	END	1638553345018
REQUEST		Get film rating by id	1638553339486	1638553345846	OK	 
USER	Get Rating test	END	1638553345847
REQUEST		Get film rating by id	1638553339683	1638553346057	OK	 
USER	Get Rating test	END	1638553346060
REQUEST		Get film rating by id	1638553339487	1638553346899	OK	 
USER	Get Rating test	END	1638553346901
REQUEST		Get film rating by id	1638553339486	1638553347263	OK	 
USER	Get Rating test	END	1638553347265
REQUEST		Get film rating by id	1638553339683	1638553347421	OK	 
USER	Get Rating test	END	1638553347423
REQUEST		Get film rating by id	1638553339486	1638553347643	OK	 
USER	Get Rating test	END	1638553347645
REQUEST		Get film rating by id	1638553339488	1638553347920	OK	 
USER	Get Rating test	END	1638553347922
REQUEST		Get film rating by id	1638553339487	1638553348170	OK	 
USER	Get Rating test	END	1638553348172
REQUEST		Get film rating by id	1638553339486	1638553399495	KO	i.g.h.c.i.RequestTimeoutException: Request timeout to imdb-api.com/172.67.140.60:443 after 60000 ms
REQUEST		Get film rating by id	1638553339488	1638553399495	KO	i.g.h.c.i.RequestTimeoutException: Request timeout to imdb-api.com/104.21.38.226:443 after 60000 ms
USER	Get Rating test	END	1638553399514
USER	Get Rating test	END	1638553399514
